[[1;34mINFO[m] Scanning for projects...
[[1;33mWARNING[m] The POM for org.jenkins-ci.tools:maven-hpi-plugin:jar:3.11 is missing, no dependency information available
[[1;33mWARNING[m] Failed to build parent project for org.jenkins-ci.plugins:google-compute-engine:hpi:4.3.1-SNAPSHOT
[[1;34mINFO[m] 
[[1;34mINFO[m] [1m------------< [0;36morg.jenkins-ci.plugins:google-compute-engine[0;1m >------------[m
[[1;34mINFO[m] [1mBuilding Google Compute Engine Plugin 4.3.1-SNAPSHOT[m
[[1;34mINFO[m] [1m--------------------------------[ hpi ]---------------------------------[m
[[1;34mINFO[m] 
[[1;34mINFO[m] [1m--- [0;32mmaven-help-plugin:3.2.0:effective-pom[m [1m(default-cli)[m @ [36mgoogle-compute-engine[0;1m ---[m
[[1;34mINFO[m] 
Effective POMs, after inheritance, interpolation, and profiles are applied:

<?xml version="1.0" encoding="UTF-8"?>
[36m<!-- ====================================================================== -->[m
[36m<!--                                                                        -->[m
[36m<!-- Generated by Maven Help Plugin on 2020-08-16T09:47:05-07:00            -->[m
[36m<!-- See: http://maven.apache.org/plugins/maven-help-plugin/                -->[m
[36m<!--                                                                        -->[m
[36m<!-- ====================================================================== -->[m
[36m<!-- ====================================================================== -->[m
[36m<!--                                                                        -->[m
[36m<!-- Effective POM for project                                              -->[m
[36m<!-- 'org.jenkins-ci.plugins:google-compute-engine:hpi:4.3.1-SNAPSHOT'      -->[m
[36m<!--                                                                        -->[m
[36m<!-- ====================================================================== -->[m
<project xmlns="http://maven.apache.org/POM/4.0.0" xmlns:xsi="http://www.w3.org/2001/XMLSchema-instance" xsi:schemaLocation="http://maven.apache.org/POM/4.0.0 http://maven.apache.org/xsd/maven-4.0.0.xsd">
  <modelVersion>4.0.0</modelVersion>
  <parent>
    <groupId>org.jenkins-ci.plugins</groupId>
    <artifactId>plugin</artifactId>
    <version>3.56</version>
    <relativePath />
  </parent>
  <groupId>org.jenkins-ci.plugins</groupId>
  <artifactId>google-compute-engine</artifactId>
  <version>4.3.1-SNAPSHOT</version>
  <packaging>hpi</packaging>
  <name>Google Compute Engine Plugin</name>
  <description>This plugin allows Jenkins to provision dynamic worker nodes on Google Compute Engine.</description>
  <url>https://github.com/jenkinsci/google-compute-engine-plugin</url>
  <inceptionYear>2016</inceptionYear>
  <organization>
    <name>Google</name>
    <url>https://www.google.com</url>
  </organization>
  <licenses>
    <license>
      <name>Apache License, Version 2.0</name>
      <url>https://www.apache.org/licenses/LICENSE-2.0.txt</url>
      <distribution>repo</distribution>
    </license>
  </licenses>
  <developers>
    <developer>
      <id>evanbrown</id>
      <name>Evan Brown</name>
      <email>evanbrown@google.com</email>
    </developer>
    <developer>
      <id>stephenshank</id>
      <name>Stephen Shank</name>
      <email>stephenshank@google.com</email>
    </developer>
    <developer>
      <id>craigbarber</id>
      <name>Craig Barber</name>
      <email>craigbarber@google.com</email>
    </developer>
  </developers>
  <scm>
    <connection>scm:git:ssh://git@github.com/jenkinsci/google-compute-engine-plugin.git</connection>
    <developerConnection>scm:git:ssh://git@github.com/jenkinsci/google-compute-engine-plugin.git</developerConnection>
    <url>https://github.com/jenkinsci/google-compute-engine-plugin</url>
  </scm>
  <distributionManagement>
    <repository>
      <id>maven.jenkins-ci.org</id>
      <url>https://repo.jenkins-ci.org/releases/</url>
    </repository>
    <snapshotRepository>
      <id>maven.jenkins-ci.org</id>
      <url>https://repo.jenkins-ci.org/snapshots/</url>
    </snapshotRepository>
  </distributionManagement>
  <properties>
    <access-modifier-annotation.version>1.16</access-modifier-annotation.version>
    <access-modifier-checker.version>1.16</access-modifier-checker.version>
    <access-modifier.version>1.16</access-modifier.version>
    <animal.sniffer.version>1.18</animal.sniffer.version>
    <argLine>-Xms768M -Xmx768M -Djava.awt.headless=true -XX:+HeapDumpOnOutOfMemoryError -XX:+TieredCompilation -XX:TieredStopAtLevel=1</argLine>
    <arguments />
    <compute.revision>214</compute.revision>
    <concurrency>10</concurrency>
    <configuration-as-code.version>1.35</configuration-as-code.version>
    <findbugs.effort>default</findbugs.effort>
    <findbugs.failOnError>true</findbugs.failOnError>
    <findbugs.threshold>Medium</findbugs.threshold>
    <forkCount>10</forkCount>
    <frontend-version>1.8.0</frontend-version>
    <gcp-plugin-core.version>0.2.1</gcp-plugin-core.version>
    <git.provider>git</git.provider>
    <google-oauth.version>1.0.0</google-oauth.version>
    <google.api.version>1.25.0</google.api.version>
    <google.guava.version>24.1.1-jre</google.guava.version>
    <google.http.version>1.34.2</google.http.version>
    <hamcrest.version>2.2</hamcrest.version>
    <hpi-plugin.version>3.11</hpi-plugin.version>
    <hpi.compatibleSinceVersion>4.1.0</hpi.compatibleSinceVersion>
    <hudson.Main.development>true</hudson.Main.development>
    <incrementals.url>https://repo.jenkins-ci.org/incrementals/</incrementals.url>
    <it.runOrder>balanced</it.runOrder>
    <it.windows>false</it.windows>
    <java.level>8</java.level>
    <java.level.test>8</java.level.test>
    <jenkins-core.version>2.150.3</jenkins-core.version>
    <jenkins-test-harness.version>2.60</jenkins-test-harness.version>
    <jenkins-war.version>2.150.3</jenkins-war.version>
    <jenkins.version>2.150.3</jenkins.version>
    <jenkinsRuleTimeout>0</jenkinsRuleTimeout>
    <maven-scm.version>1.11.2</maven-scm.version>
    <maven.compiler.source>1.8</maven.compiler.source>
    <maven.compiler.target>1.8</maven.compiler.target>
    <maven.test.redirectTestOutputToFile>true</maven.test.redirectTestOutputToFile>
    <no-test-jar>true</no-test-jar>
    <node.version>4.0.0</node.version>
    <npm.loglevel />
    <npm.version>2.13.1</npm.version>
    <plugin.minimumJavaVersion>1.8</plugin.minimumJavaVersion>
    <powershell.version>1.3</powershell.version>
    <project.build.outputEncoding>UTF-8</project.build.outputEncoding>
    <project.build.sourceEncoding>UTF-8</project.build.sourceEncoding>
    <project.reporting.outputEncoding>UTF-8</project.reporting.outputEncoding>
    <release.skipTests>true</release.skipTests>
    <releaseProfiles />
    <scmTag>HEAD</scmTag>
    <skip.node.lint />
    <skip.node.tests />
    <skip.surefire.tests>${skipTests}</skip.surefire.tests>
    <skipITs>true</skipITs>
    <slf4jVersion>1.7.25</slf4jVersion>
    <spotbugs.effort>default</spotbugs.effort>
    <spotbugs.failOnError>true</spotbugs.failOnError>
    <spotbugs.threshold>Medium</spotbugs.threshold>
    <stapler-plugin.version>1.17</stapler-plugin.version>
    <surefire.rerunFailingTestsCount>4</surefire.rerunFailingTestsCount>
    <surefireTempDir>/home/baloo/github/google-compute-engine-plugin/target/tmp</surefireTempDir>
    <trimStackTrace>false</trimStackTrace>
    <useBeta>false</useBeta>
    <yarn.version>0.23.0</yarn.version>
  </properties>
  <dependencyManagement>
    <dependencies>
      <dependency>
        <groupId>org.slf4j</groupId>
        <artifactId>jcl-over-slf4j</artifactId>
        <version>1.7.26</version>
      </dependency>
      <dependency>
        <groupId>org.slf4j</groupId>
        <artifactId>log4j-over-slf4j</artifactId>
        <version>1.7.26</version>
      </dependency>
      <dependency>
        <groupId>org.slf4j</groupId>
        <artifactId>slf4j-api</artifactId>
        <version>1.7.26</version>
      </dependency>
      <dependency>
        <groupId>org.slf4j</groupId>
        <artifactId>slf4j-jdk14</artifactId>
        <version>1.7.26</version>
      </dependency>
      <dependency>
        <groupId>org.jenkins-ci.main</groupId>
        <artifactId>jenkins-core</artifactId>
        <version>2.150.3</version>
      </dependency>
      <dependency>
        <groupId>org.jenkins-ci.main</groupId>
        <artifactId>jenkins-war</artifactId>
        <version>2.150.3</version>
        <type>executable-war</type>
        <scope>test</scope>
      </dependency>
      <dependency>
        <groupId>org.jenkins-ci.main</groupId>
        <artifactId>jenkins-test-harness</artifactId>
        <version>2.60</version>
      </dependency>
      <dependency>
        <groupId>org.jenkins-ci</groupId>
        <artifactId>test-annotations</artifactId>
        <version>1.3</version>
      </dependency>
      <dependency>
        <groupId>junit</groupId>
        <artifactId>junit</artifactId>
        <version>4.12</version>
      </dependency>
      <dependency>
        <groupId>javax.servlet</groupId>
        <artifactId>javax.servlet-api</artifactId>
        <version>3.1.0</version>
      </dependency>
      <dependency>
        <groupId>org.codehaus.mojo</groupId>
        <artifactId>animal-sniffer-annotations</artifactId>
        <version>1.18</version>
      </dependency>
      <dependency>
        <groupId>org.codehaus.mojo.signature</groupId>
        <artifactId>java15</artifactId>
        <version>1.0</version>
        <type>signature</type>
      </dependency>
      <dependency>
        <groupId>org.codehaus.mojo.signature</groupId>
        <artifactId>java16</artifactId>
        <version>1.1</version>
        <type>signature</type>
      </dependency>
      <dependency>
        <groupId>org.codehaus.mojo.signature</groupId>
        <artifactId>java17</artifactId>
        <version>1.0</version>
        <type>signature</type>
      </dependency>
      <dependency>
        <groupId>org.codehaus.mojo.signature</groupId>
        <artifactId>java18</artifactId>
        <version>1.0</version>
        <type>signature</type>
      </dependency>
      <dependency>
        <groupId>org.mockito</groupId>
        <artifactId>mockito-core</artifactId>
        <version>3.1.0</version>
      </dependency>
      <dependency>
        <groupId>org.powermock</groupId>
        <artifactId>powermock-module-junit4</artifactId>
        <version>2.0.4</version>
      </dependency>
      <dependency>
        <groupId>org.powermock</groupId>
        <artifactId>powermock-api-mockito2</artifactId>
        <version>2.0.4</version>
      </dependency>
      <dependency>
        <groupId>org.objenesis</groupId>
        <artifactId>objenesis</artifactId>
        <version>3.1</version>
      </dependency>
      <dependency>
        <groupId>com.github.spotbugs</groupId>
        <artifactId>spotbugs-annotations</artifactId>
        <version>3.1.12</version>
      </dependency>
      <dependency>
        <groupId>net.jcip</groupId>
        <artifactId>jcip-annotations</artifactId>
        <version>1.0</version>
      </dependency>
      <dependency>
        <groupId>commons-logging</groupId>
        <artifactId>commons-logging</artifactId>
        <version>1.2</version>
        <scope>provided</scope>
      </dependency>
      <dependency>
        <groupId>log4j</groupId>
        <artifactId>log4j</artifactId>
        <version>1.2.17</version>
        <scope>provided</scope>
      </dependency>
      <dependency>
        <groupId>org.jenkins-ci.plugins.workflow</groupId>
        <artifactId>workflow-durable-task-step</artifactId>
        <version>2.31</version>
      </dependency>
      <dependency>
        <groupId>io.jenkins</groupId>
        <artifactId>configuration-as-code</artifactId>
        <version>1.32</version>
      </dependency>
      <dependency>
        <groupId>io.jenkins</groupId>
        <artifactId>configuration-as-code</artifactId>
        <version>1.32</version>
        <classifier>tests</classifier>
      </dependency>
      <dependency>
        <groupId>org.jenkins-ci.plugins.workflow</groupId>
        <artifactId>workflow-api</artifactId>
        <version>2.37</version>
      </dependency>
      <dependency>
        <groupId>org.jenkins-ci.plugins.workflow</groupId>
        <artifactId>workflow-api</artifactId>
        <version>2.37</version>
        <classifier>tests</classifier>
      </dependency>
      <dependency>
        <groupId>org.jenkins-ci.plugins.workflow</groupId>
        <artifactId>workflow-basic-steps</artifactId>
        <version>2.18</version>
      </dependency>
      <dependency>
        <groupId>org.jenkins-ci.plugins.workflow</groupId>
        <artifactId>workflow-cps</artifactId>
        <version>2.76</version>
      </dependency>
      <dependency>
        <groupId>org.jenkins-ci.plugins.workflow</groupId>
        <artifactId>workflow-cps</artifactId>
        <version>2.76</version>
        <classifier>tests</classifier>
      </dependency>
      <dependency>
        <groupId>org.jenkins-ci.plugins.workflow</groupId>
        <artifactId>workflow-cps-global-lib</artifactId>
        <version>2.15</version>
      </dependency>
      <dependency>
        <groupId>org.jenkins-ci.plugins.workflow</groupId>
        <artifactId>workflow-job</artifactId>
        <version>2.36</version>
      </dependency>
      <dependency>
        <groupId>org.jenkins-ci.plugins.workflow</groupId>
        <artifactId>workflow-scm-step</artifactId>
        <version>2.9</version>
      </dependency>
      <dependency>
        <groupId>org.jenkins-ci.plugins.workflow</groupId>
        <artifactId>workflow-step-api</artifactId>
        <version>2.20</version>
      </dependency>
      <dependency>
        <groupId>org.jenkins-ci.plugins.workflow</groupId>
        <artifactId>workflow-step-api</artifactId>
        <version>2.20</version>
        <classifier>tests</classifier>
      </dependency>
      <dependency>
        <groupId>org.jenkins-ci.plugins.workflow</groupId>
        <artifactId>workflow-support</artifactId>
        <version>3.3</version>
      </dependency>
      <dependency>
        <groupId>org.jenkins-ci.plugins.workflow</groupId>
        <artifactId>workflow-support</artifactId>
        <version>3.3</version>
        <classifier>tests</classifier>
      </dependency>
      <dependency>
        <groupId>org.jenkins-ci.plugins</groupId>
        <artifactId>ansicolor</artifactId>
        <version>0.6.2</version>
      </dependency>
      <dependency>
        <groupId>org.jenkins-ci.plugins</groupId>
        <artifactId>apache-httpcomponents-client-4-api</artifactId>
        <version>4.5.10-2.0</version>
      </dependency>
      <dependency>
        <groupId>org.jenkins-ci.plugins</groupId>
        <artifactId>branch-api</artifactId>
        <version>2.5.4</version>
      </dependency>
      <dependency>
        <groupId>org.jenkins-ci.plugins</groupId>
        <artifactId>cloudbees-folder</artifactId>
        <version>6.9</version>
      </dependency>
      <dependency>
        <groupId>org.jenkins-ci.plugins</groupId>
        <artifactId>command-launcher</artifactId>
        <version>1.3</version>
      </dependency>
      <dependency>
        <groupId>org.jenkins-ci.plugins</groupId>
        <artifactId>credentials</artifactId>
        <version>2.3.0</version>
      </dependency>
      <dependency>
        <groupId>org.jenkins-ci.plugins</groupId>
        <artifactId>credentials-binding</artifactId>
        <version>1.20</version>
      </dependency>
      <dependency>
        <groupId>org.jenkins-ci.plugins</groupId>
        <artifactId>display-url-api</artifactId>
        <version>2.3.2</version>
      </dependency>
      <dependency>
        <groupId>org.jenkins-ci.plugins</groupId>
        <artifactId>durable-task</artifactId>
        <version>1.30</version>
      </dependency>
      <dependency>
        <groupId>org.jenkins-ci.plugins</groupId>
        <artifactId>git</artifactId>
        <version>3.12.1</version>
      </dependency>
      <dependency>
        <groupId>org.jenkins-ci.plugins</groupId>
        <artifactId>git</artifactId>
        <version>3.12.1</version>
        <classifier>tests</classifier>
      </dependency>
      <dependency>
        <groupId>org.jenkins-ci.plugins</groupId>
        <artifactId>git-client</artifactId>
        <version>2.8.6</version>
      </dependency>
      <dependency>
        <groupId>org.jenkins-ci.plugins</groupId>
        <artifactId>git-server</artifactId>
        <version>1.8</version>
      </dependency>
      <dependency>
        <groupId>org.jenkins-ci.plugins</groupId>
        <artifactId>jdk-tool</artifactId>
        <version>1.3</version>
      </dependency>
      <dependency>
        <groupId>org.jenkins-ci.plugins</groupId>
        <artifactId>jquery</artifactId>
        <version>1.12.4-1</version>
      </dependency>
      <dependency>
        <groupId>org.jenkins-ci.plugins</groupId>
        <artifactId>jsch</artifactId>
        <version>0.1.55.1</version>
      </dependency>
      <dependency>
        <groupId>org.jenkins-ci.plugins</groupId>
        <artifactId>junit</artifactId>
        <version>1.28</version>
      </dependency>
      <dependency>
        <groupId>org.jenkins-ci.plugins</groupId>
        <artifactId>junit-attachments</artifactId>
        <version>1.6</version>
      </dependency>
      <dependency>
        <groupId>org.jenkins-ci.plugins</groupId>
        <artifactId>mailer</artifactId>
        <version>1.29</version>
      </dependency>
      <dependency>
        <groupId>org.jenkins-ci.plugins</groupId>
        <artifactId>matrix-project</artifactId>
        <version>1.14</version>
      </dependency>
      <dependency>
        <groupId>org.jenkins-ci.plugins</groupId>
        <artifactId>pipeline-build-step</artifactId>
        <version>2.9</version>
      </dependency>
      <dependency>
        <groupId>org.jenkins-ci.plugins</groupId>
        <artifactId>pipeline-input-step</artifactId>
        <version>2.11</version>
      </dependency>
      <dependency>
        <groupId>org.jenkins-ci.plugins</groupId>
        <artifactId>plain-credentials</artifactId>
        <version>1.5</version>
      </dependency>
      <dependency>
        <groupId>org.jenkins-ci.plugins</groupId>
        <artifactId>scm-api</artifactId>
        <version>2.6.3</version>
      </dependency>
      <dependency>
        <groupId>org.jenkins-ci.plugins</groupId>
        <artifactId>scm-api</artifactId>
        <version>2.6.3</version>
        <classifier>tests</classifier>
      </dependency>
      <dependency>
        <groupId>org.jenkins-ci.plugins</groupId>
        <artifactId>script-security</artifactId>
        <version>1.66</version>
      </dependency>
      <dependency>
        <groupId>org.jenkins-ci.plugins</groupId>
        <artifactId>ssh-credentials</artifactId>
        <version>1.17.3</version>
      </dependency>
      <dependency>
        <groupId>org.jenkins-ci.plugins</groupId>
        <artifactId>ssh-slaves</artifactId>
        <version>1.30.2</version>
      </dependency>
      <dependency>
        <groupId>org.jenkins-ci.plugins</groupId>
        <artifactId>structs</artifactId>
        <version>1.20</version>
      </dependency>
      <dependency>
        <groupId>org.jenkins-ci.plugins</groupId>
        <artifactId>timestamper</artifactId>
        <version>1.10</version>
      </dependency>
      <dependency>
        <groupId>org.jenkins-ci.plugins</groupId>
        <artifactId>token-macro</artifactId>
        <version>2.10</version>
      </dependency>
      <dependency>
        <groupId>org.jenkins-ci.plugins</groupId>
        <artifactId>variant</artifactId>
        <version>1.3</version>
      </dependency>
      <dependency>
        <groupId>org.jenkins-ci.ui</groupId>
        <artifactId>ace-editor</artifactId>
        <version>1.1</version>
      </dependency>
      <dependency>
        <groupId>org.jenkins-ci.ui</groupId>
        <artifactId>jquery-detached</artifactId>
        <version>1.2.1</version>
      </dependency>
      <dependency>
        <groupId>org.jenkins-ci</groupId>
        <artifactId>symbol-annotation</artifactId>
        <version>1.20</version>
      </dependency>
    </dependencies>
  </dependencyManagement>
  <dependencies>
    <dependency>
      <groupId>org.jenkins-ci.plugins</groupId>
      <artifactId>jsch</artifactId>
      <version>0.1.55.1</version>
      <scope>compile</scope>
    </dependency>
    <dependency>
      <groupId>org.jenkins-ci.plugins</groupId>
      <artifactId>jackson2-api</artifactId>
      <version>2.10.2</version>
      <scope>compile</scope>
    </dependency>
    <dependency>
      <groupId>org.jenkins-ci.plugins</groupId>
      <artifactId>google-oauth-plugin</artifactId>
      <version>1.0.0</version>
      <scope>compile</scope>
    </dependency>
    <dependency>
      <groupId>org.jenkins-ci.plugins</groupId>
      <artifactId>ssh-credentials</artifactId>
      <version>1.17.3</version>
      <scope>compile</scope>
    </dependency>
    <dependency>
      <groupId>org.jenkins-ci.plugins</groupId>
      <artifactId>credentials</artifactId>
      <version>2.3.0</version>
      <scope>compile</scope>
    </dependency>
    <dependency>
      <groupId>com.google.guava</groupId>
      <artifactId>guava</artifactId>
      <version>24.1.1-jre</version>
      <scope>compile</scope>
    </dependency>
    <dependency>
      <groupId>com.google.http-client</groupId>
      <artifactId>google-http-client</artifactId>
      <version>1.34.2</version>
      <scope>compile</scope>
    </dependency>
    <dependency>
      <groupId>com.google.oauth-client</groupId>
      <artifactId>google-oauth-client</artifactId>
      <version>1.25.0</version>
      <scope>compile</scope>
      <exclusions>
        <exclusion>
          <artifactId>google-http-client</artifactId>
          <groupId>com.google.http-client</groupId>
        </exclusion>
      </exclusions>
    </dependency>
    <dependency>
      <groupId>com.google.apis</groupId>
      <artifactId>google-api-services-compute</artifactId>
      <version>v1-rev214-1.25.0</version>
      <scope>compile</scope>
    </dependency>
    <dependency>
      <groupId>org.apache.commons</groupId>
      <artifactId>commons-text</artifactId>
      <version>1.7</version>
      <scope>compile</scope>
    </dependency>
    <dependency>
      <groupId>commons-io</groupId>
      <artifactId>commons-io</artifactId>
      <version>2.6</version>
      <scope>compile</scope>
    </dependency>
    <dependency>
      <groupId>com.google.cloud.graphite</groupId>
      <artifactId>gcp-client</artifactId>
      <version>0.2.1</version>
      <scope>compile</scope>
    </dependency>
    <dependency>
      <groupId>org.jenkins-ci.plugins</groupId>
      <artifactId>trilead-api</artifactId>
      <version>1.0.3</version>
      <scope>compile</scope>
      <exclusions>
        <exclusion>
          <artifactId>eddsa</artifactId>
          <groupId>net.i2p.crypto</groupId>
        </exclusion>
      </exclusions>
    </dependency>
    <dependency>
      <groupId>net.i2p.crypto</groupId>
      <artifactId>eddsa</artifactId>
      <version>0.3.0</version>
      <scope>compile</scope>
    </dependency>
    <dependency>
      <groupId>org.awaitility</groupId>
      <artifactId>awaitility</artifactId>
      <version>3.1.6</version>
      <scope>compile</scope>
    </dependency>
    <dependency>
      <groupId>org.jenkins-ci.plugins</groupId>
      <artifactId>durable-task</artifactId>
      <version>1.30</version>
      <scope>compile</scope>
    </dependency>
    <dependency>
      <groupId>org.projectlombok</groupId>
      <artifactId>lombok</artifactId>
      <version>1.18.6</version>
      <scope>provided</scope>
    </dependency>
    <dependency>
      <groupId>junit</groupId>
      <artifactId>junit</artifactId>
      <version>4.12</version>
      <scope>test</scope>
    </dependency>
    <dependency>
      <groupId>org.hamcrest</groupId>
      <artifactId>hamcrest-library</artifactId>
      <version>2.2</version>
      <scope>test</scope>
    </dependency>
    <dependency>
      <groupId>org.hamcrest</groupId>
      <artifactId>hamcrest-core</artifactId>
      <version>2.2</version>
      <scope>test</scope>
    </dependency>
    <dependency>
      <groupId>org.mockito</groupId>
      <artifactId>mockito-core</artifactId>
      <version>2.23.4</version>
      <scope>test</scope>
    </dependency>
    <dependency>
      <groupId>org.jenkins-ci.plugins</groupId>
      <artifactId>plain-credentials</artifactId>
      <version>1.5</version>
      <scope>test</scope>
    </dependency>
    <dependency>
      <groupId>io.jenkins</groupId>
      <artifactId>configuration-as-code</artifactId>
      <version>1.35</version>
      <scope>test</scope>
    </dependency>
    <dependency>
      <groupId>io.jenkins.configuration-as-code</groupId>
      <artifactId>test-harness</artifactId>
      <version>1.35</version>
      <scope>test</scope>
    </dependency>
    <dependency>
      <groupId>org.jenkins-ci.plugins</groupId>
      <artifactId>powershell</artifactId>
      <version>1.3</version>
      <scope>test</scope>
    </dependency>
    <dependency>
      <groupId>javax.servlet</groupId>
      <artifactId>javax.servlet-api</artifactId>
      <version>3.1.0</version>
      <scope>provided</scope>
    </dependency>
    <dependency>
      <groupId>org.jenkins-ci.main</groupId>
      <artifactId>jenkins-core</artifactId>
      <version>2.150.3</version>
      <scope>provided</scope>
    </dependency>
    <dependency>
      <groupId>org.jenkins-ci.main</groupId>
      <artifactId>jenkins-war</artifactId>
      <version>2.150.3</version>
      <type>executable-war</type>
      <scope>test</scope>
    </dependency>
    <dependency>
      <groupId>org.jenkins-ci.main</groupId>
      <artifactId>jenkins-test-harness</artifactId>
      <version>2.60</version>
      <scope>test</scope>
      <exclusions>
        <exclusion>
          <artifactId>junit-dep</artifactId>
          <groupId>junit</groupId>
        </exclusion>
      </exclusions>
    </dependency>
    <dependency>
      <groupId>org.jenkins-ci</groupId>
      <artifactId>test-annotations</artifactId>
      <version>1.3</version>
      <scope>test</scope>
    </dependency>
    <dependency>
      <groupId>com.github.spotbugs</groupId>
      <artifactId>spotbugs-annotations</artifactId>
      <version>3.1.12</version>
      <scope>provided</scope>
      <optional>true</optional>
    </dependency>
    <dependency>
      <groupId>net.jcip</groupId>
      <artifactId>jcip-annotations</artifactId>
      <version>1.0</version>
      <scope>provided</scope>
      <optional>true</optional>
    </dependency>
    <dependency>
      <groupId>org.codehaus.mojo</groupId>
      <artifactId>animal-sniffer-annotations</artifactId>
      <version>1.18</version>
      <scope>provided</scope>
      <optional>true</optional>
    </dependency>
    <dependency>
      <groupId>org.slf4j</groupId>
      <artifactId>log4j-over-slf4j</artifactId>
      <version>1.7.26</version>
      <scope>test</scope>
    </dependency>
    <dependency>
      <groupId>org.slf4j</groupId>
      <artifactId>jcl-over-slf4j</artifactId>
      <version>1.7.26</version>
      <scope>test</scope>
    </dependency>
    <dependency>
      <groupId>org.slf4j</groupId>
      <artifactId>slf4j-jdk14</artifactId>
      <version>1.7.26</version>
      <scope>test</scope>
    </dependency>
    <dependency>
      <groupId>org.kohsuke</groupId>
      <artifactId>access-modifier-annotation</artifactId>
      <version>1.16</version>
      <scope>provided</scope>
      <exclusions>
        <exclusion>
          <artifactId>annotation-indexer</artifactId>
          <groupId>org.jenkins-ci</groupId>
        </exclusion>
      </exclusions>
    </dependency>
    <dependency>
      <groupId>commons-logging</groupId>
      <artifactId>commons-logging</artifactId>
      <version>1.2</version>
      <scope>provided</scope>
    </dependency>
  </dependencies>
  <repositories>
    <repository>
      <id>repo.jenkins-ci.org</id>
      <url>https://repo.jenkins-ci.org/public/</url>
    </repository>
    <repository>
      <snapshots>
        <enabled>false</enabled>
      </snapshots>
      <id>central</id>
      <name>Central Repository</name>
      <url>https://repo.maven.apache.org/maven2</url>
    </repository>
  </repositories>
  <pluginRepositories>
    <pluginRepository>
      <id>repo.jenkins-ci.org</id>
      <url>https://repo.jenkins-ci.org/public/</url>
    </pluginRepository>
    <pluginRepository>
      <releases>
        <updatePolicy>never</updatePolicy>
      </releases>
      <snapshots>
        <enabled>false</enabled>
      </snapshots>
      <id>central</id>
      <name>Central Repository</name>
      <url>https://repo.maven.apache.org/maven2</url>
    </pluginRepository>
  </pluginRepositories>
  <build>
    <sourceDirectory>/home/baloo/github/google-compute-engine-plugin/src/main/java</sourceDirectory>
    <scriptSourceDirectory>/home/baloo/github/google-compute-engine-plugin/src/main/scripts</scriptSourceDirectory>
    <testSourceDirectory>/home/baloo/github/google-compute-engine-plugin/src/test/java</testSourceDirectory>
    <outputDirectory>/home/baloo/github/google-compute-engine-plugin/target/classes</outputDirectory>
    <testOutputDirectory>/home/baloo/github/google-compute-engine-plugin/target/test-classes</testOutputDirectory>
    <resources>
      <resource>
        <directory>/home/baloo/github/google-compute-engine-plugin/src/main/resources</directory>
      </resource>
    </resources>
    <testResources>
      <testResource>
        <filtering>true</filtering>
        <directory>/home/baloo/github/google-compute-engine-plugin/src/test/resources</directory>
      </testResource>
    </testResources>
    <directory>/home/baloo/github/google-compute-engine-plugin/target</directory>
    <finalName>google-compute-engine</finalName>
    <pluginManagement>
      <plugins>
        <plugin>
          <artifactId>maven-antrun-plugin</artifactId>
          <version>1.8</version>
        </plugin>
        <plugin>
          <artifactId>maven-assembly-plugin</artifactId>
          <version>2.2-beta-5</version>
        </plugin>
        <plugin>
          <artifactId>maven-clean-plugin</artifactId>
          <version>3.1.0</version>
        </plugin>
        <plugin>
          <artifactId>maven-compiler-plugin</artifactId>
          <version>3.8.1</version>
        </plugin>
        <plugin>
          <artifactId>maven-dependency-plugin</artifactId>
          <version>3.1.1</version>
        </plugin>
        <plugin>
          <artifactId>maven-jar-plugin</artifactId>
          <version>3.2.0</version>
        </plugin>
        <plugin>
          <artifactId>maven-resources-plugin</artifactId>
          <version>3.1.0</version>
        </plugin>
        <plugin>
          <artifactId>maven-surefire-plugin</artifactId>
          <version>3.0.0-M4</version>
        </plugin>
        <plugin>
          <artifactId>maven-failsafe-plugin</artifactId>
          <version>3.0.0-M4</version>
        </plugin>
        <plugin>
          <artifactId>maven-deploy-plugin</artifactId>
          <version>2.8.2</version>
        </plugin>
        <plugin>
          <artifactId>maven-enforcer-plugin</artifactId>
          <version>3.0.0-M3</version>
        </plugin>
        <plugin>
          <artifactId>maven-install-plugin</artifactId>
          <version>3.0.0-M1</version>
        </plugin>
        <plugin>
          <artifactId>maven-javadoc-plugin</artifactId>
          <version>3.1.1</version>
          <configuration>
            <source>8</source>
            <quiet>true</quiet>
            <links>
              <link>http://javadoc.jenkins.io/</link>
            </links>
          </configuration>
        </plugin>
        <plugin>
          <artifactId>maven-release-plugin</artifactId>
          <version>2.5.3</version>
        </plugin>
        <plugin>
          <artifactId>maven-site-plugin</artifactId>
          <version>3.8.2</version>
        </plugin>
        <plugin>
          <artifactId>maven-project-info-reports-plugin</artifactId>
          <version>3.0.0</version>
        </plugin>
        <plugin>
          <artifactId>maven-source-plugin</artifactId>
          <version>3.2.1</version>
          <configuration>
            <excludes>
              <exclude>InjectedTest.java</exclude>
            </excludes>
          </configuration>
        </plugin>
        <plugin>
          <artifactId>maven-war-plugin</artifactId>
          <version>3.2.3</version>
        </plugin>
        <plugin>
          <artifactId>maven-eclipse-plugin</artifactId>
          <version>2.10</version>
          <configuration>
            <buildOutputDirectory>target/eclipse-classes</buildOutputDirectory>
            <additionalProjectnatures>
              <projectnature>org.eclipse.jdt.groovy.core.groovyNature</projectnature>
            </additionalProjectnatures>
          </configuration>
        </plugin>
        <plugin>
          <groupId>org.codehaus.gmaven</groupId>
          <artifactId>gmaven-plugin</artifactId>
          <version>1.5-jenkins-3</version>
        </plugin>
        <plugin>
          <groupId>org.codehaus.mojo</groupId>
          <artifactId>build-helper-maven-plugin</artifactId>
          <version>3.0.0</version>
          <executions>
            <execution>
              <id>add-source</id>
              <phase>generate-sources</phase>
              <goals>
                <goal>add-source</goal>
              </goals>
              <configuration>
                <sources>
                  <source>/home/baloo/github/google-compute-engine-plugin/target/generated-sources/localizer</source>
                </sources>
              </configuration>
            </execution>
          </executions>
        </plugin>
        <plugin>
          <groupId>org.jacoco</groupId>
          <artifactId>jacoco-maven-plugin</artifactId>
          <version>0.8.5</version>
        </plugin>
        <plugin>
          <groupId>org.kohsuke.gmaven</groupId>
          <artifactId>gmaven-plugin</artifactId>
          <version>1.0-rc-5-patch-2</version>
        </plugin>
        <plugin>
          <groupId>org.kohsuke.stapler</groupId>
          <artifactId>maven-stapler-plugin</artifactId>
          <version>1.17</version>
        </plugin>
        <plugin>
          <groupId>org.jenkins-ci.tools</groupId>
          <artifactId>maven-hpi-plugin</artifactId>
          <version>3.11</version>
        </plugin>
        <plugin>
          <groupId>org.codehaus.mojo</groupId>
          <artifactId>animal-sniffer-maven-plugin</artifactId>
          <version>1.18</version>
        </plugin>
        <plugin>
          <groupId>org.jvnet.localizer</groupId>
          <artifactId>maven-localizer-plugin</artifactId>
          <version>1.26</version>
        </plugin>
        <plugin>
          <groupId>org.kohsuke</groupId>
          <artifactId>access-modifier-checker</artifactId>
          <version>1.16</version>
        </plugin>
        <plugin>
          <groupId>com.cloudbees</groupId>
          <artifactId>maven-license-plugin</artifactId>
          <version>1.8</version>
        </plugin>
        <plugin>
          <groupId>io.jenkins.tools.incrementals</groupId>
          <artifactId>incrementals-maven-plugin</artifactId>
          <version>1.1</version>
          <configuration>
            <includes>
              <include>org.jenkins-ci.*</include>
              <include>io.jenkins.*</include>
            </includes>
            <generateBackupPoms>false</generateBackupPoms>
            <updateNonincremental>false</updateNonincremental>
          </configuration>
        </plugin>
      </plugins>
    </pluginManagement>
    <plugins>
      <plugin>
        <artifactId>maven-jar-plugin</artifactId>
        <version>3.2.0</version>
        <executions>
          <execution>
            <id>maybe-test-jar</id>
            <goals>
              <goal>test-jar</goal>
            </goals>
            <configuration>
              <excludes>
                <exclude>the.hpl</exclude>
                <exclude>InjectedTest.class</exclude>
                <exclude>test-dependencies/</exclude>
              </excludes>
              <skip>true</skip>
            </configuration>
          </execution>
        </executions>
      </plugin>
      <plugin>
        <artifactId>maven-enforcer-plugin</artifactId>
        <version>3.0.0-M3</version>
        <executions>
          <execution>
            <id>display-info</id>
            <phase>validate</phase>
            <goals>
              <goal>display-info</goal>
              <goal>enforce</goal>
            </goals>
            <configuration>
              <rules>
                <requireMavenVersion>
                  <version>[3.3.1,)</version>
                  <message>3.3.1 required to at least look at .mvn/ if it exists.</message>
                </requireMavenVersion>
                <requireJavaVersion>
                  <version>[1.8.0,)</version>
                </requireJavaVersion>
                <enforceBytecodeVersion>
                  <maxJdkVersion>1.8</maxJdkVersion>
                  <ignoredScopes>
                    <ignoredScope>test</ignoredScope>
                  </ignoredScopes>
                  <excludes>
                    <exclude>org.jenkins-ci.main:jenkins-core</exclude>
                    <exclude>org.jenkins-ci.main:cli</exclude>
                    <exclude>org.jenkins-ci.main:jenkins-test-harness</exclude>
                    <exclude>org.jenkins-ci.main:remoting</exclude>
                    <exclude>org.kohsuke.stapler:stapler</exclude>
                    <exclude>org.kohsuke.stapler:stapler-groovy</exclude>
                    <exclude>org.kohsuke.stapler:stapler-jelly</exclude>
                    <exclude>org.kohsuke.stapler:stapler-jrebel</exclude>
                    <exclude>org.jenkins-ci:task-reactor</exclude>
                    <exclude>com.google.code.findbugs:annotations</exclude>
                    <exclude>com.github.spotbugs:spotbugs-annotations</exclude>
                  </excludes>
                </enforceBytecodeVersion>
                <bannedDependencies>
                  <excludes>
                    <exclude>javax.servlet:servlet-api</exclude>
                    <exclude>org.sonatype.sisu:sisu-guice</exclude>
                    <exclude>log4j:log4j:*:jar:compile</exclude>
                    <exclude>log4j:log4j:*:jar:runtime</exclude>
                    <exclude>commons-logging:commons-logging:*:jar:compile</exclude>
                    <exclude>commons-logging:commons-logging:*:jar:runtime</exclude>
                    <exclude>org.testng:testng</exclude>
                  </excludes>
                </bannedDependencies>
                <requireUpperBoundDeps>
                  <excludes>
                    <exclude>com.google.guava:guava</exclude>
                    <exclude>commons-logging:commons-logging</exclude>
                    <exclude>com.google.code.findbugs:jsr305</exclude>
                    <exclude>net.java.dev.jna:jna</exclude>
                  </excludes>
                </requireUpperBoundDeps>
              </rules>
            </configuration>
          </execution>
        </executions>
        <dependencies>
          <dependency>
            <groupId>org.codehaus.mojo</groupId>
            <artifactId>extra-enforcer-rules</artifactId>
            <version>1.2</version>
            <scope>compile</scope>
          </dependency>
        </dependencies>
      </plugin>
      <plugin>
        <groupId>com.github.spotbugs</groupId>
        <artifactId>spotbugs-maven-plugin</artifactId>
        <version>3.1.12.2</version>
        <executions>
          <execution>
            <id>spotbugs</id>
            <phase>verify</phase>
            <goals>
              <goal>check</goal>
            </goals>
            <configuration>
              <xmlOutput>true</xmlOutput>
              <spotbugsXmlOutput>false</spotbugsXmlOutput>
              <effort>default</effort>
              <threshold>Medium</threshold>
              <failOnError>true</failOnError>
            </configuration>
          </execution>
        </executions>
        <configuration>
          <failOnError>true</failOnError>
        </configuration>
      </plugin>
      <plugin>
        <artifactId>maven-compiler-plugin</artifactId>
        <version>3.8.1</version>
        <executions>
          <execution>
            <id>default-compile</id>
            <phase>compile</phase>
            <goals>
              <goal>compile</goal>
            </goals>
            <configuration>
              <source>1.8</source>
              <target>1.8</target>
              <testSource>1.8</testSource>
              <testTarget>1.8</testTarget>
            </configuration>
          </execution>
          <execution>
            <id>default-testCompile</id>
            <phase>test-compile</phase>
            <goals>
              <goal>testCompile</goal>
            </goals>
            <configuration>
              <source>1.8</source>
              <target>1.8</target>
              <testSource>1.8</testSource>
              <testTarget>1.8</testTarget>
            </configuration>
          </execution>
        </executions>
        <configuration>
          <source>1.8</source>
          <target>1.8</target>
          <testSource>1.8</testSource>
          <testTarget>1.8</testTarget>
        </configuration>
      </plugin>
      <plugin>
        <groupId>org.codehaus.mojo</groupId>
        <artifactId>animal-sniffer-maven-plugin</artifactId>
        <version>1.18</version>
        <executions>
          <execution>
            <id>check</id>
            <phase>test</phase>
            <goals>
              <goal>check</goal>
            </goals>
            <configuration>
              <signature>
                <groupId>org.codehaus.mojo.signature</groupId>
                <artifactId>java18</artifactId>
              </signature>
            </configuration>
          </execution>
        </executions>
        <configuration>
          <signature>
            <groupId>org.codehaus.mojo.signature</groupId>
            <artifactId>java18</artifactId>
          </signature>
        </configuration>
      </plugin>
      <plugin>
        <artifactId>maven-eclipse-plugin</artifactId>
        <version>2.10</version>
        <configuration>
          <buildOutputDirectory>target/eclipse-classes</buildOutputDirectory>
          <additionalProjectnatures>
            <projectnature>org.eclipse.jdt.groovy.core.groovyNature</projectnature>
          </additionalProjectnatures>
        </configuration>
      </plugin>
      <plugin>
        <groupId>org.jenkins-ci.tools</groupId>
        <artifactId>maven-hpi-plugin</artifactId>
        <version>3.11</version>
        <extensions>true</extensions>
        <executions>
          <execution>
            <id>default-hpi</id>
            <phase>package</phase>
            <goals>
              <goal>hpi</goal>
            </goals>
            <configuration>
              <showDeprecation>true</showDeprecation>
              <webApp>
                <contextPath>/jenkins</contextPath>
              </webApp>
              <minimumJavaVersion>1.8</minimumJavaVersion>
              <systemProperties>
                <hudson.Main.development>true</hudson.Main.development>
              </systemProperties>
            </configuration>
          </execution>
          <execution>
            <id>default-insert-test</id>
            <phase>generate-test-sources</phase>
            <goals>
              <goal>insert-test</goal>
            </goals>
            <configuration>
              <showDeprecation>true</showDeprecation>
              <webApp>
                <contextPath>/jenkins</contextPath>
              </webApp>
              <minimumJavaVersion>1.8</minimumJavaVersion>
              <systemProperties>
                <hudson.Main.development>true</hudson.Main.development>
              </systemProperties>
            </configuration>
          </execution>
          <execution>
            <id>default-test-hpl</id>
            <phase>test-compile</phase>
            <goals>
              <goal>test-hpl</goal>
            </goals>
            <configuration>
              <showDeprecation>true</showDeprecation>
              <webApp>
                <contextPath>/jenkins</contextPath>
              </webApp>
              <minimumJavaVersion>1.8</minimumJavaVersion>
              <systemProperties>
                <hudson.Main.development>true</hudson.Main.development>
              </systemProperties>
            </configuration>
          </execution>
          <execution>
            <id>default-resolve-test-dependencies</id>
            <phase>test-compile</phase>
            <goals>
              <goal>resolve-test-dependencies</goal>
            </goals>
            <configuration>
              <showDeprecation>true</showDeprecation>
              <webApp>
                <contextPath>/jenkins</contextPath>
              </webApp>
              <minimumJavaVersion>1.8</minimumJavaVersion>
              <systemProperties>
                <hudson.Main.development>true</hudson.Main.development>
              </systemProperties>
            </configuration>
          </execution>
          <execution>
            <id>default-validate</id>
            <phase>validate</phase>
            <goals>
              <goal>validate</goal>
            </goals>
            <configuration>
              <showDeprecation>true</showDeprecation>
              <webApp>
                <contextPath>/jenkins</contextPath>
              </webApp>
              <minimumJavaVersion>1.8</minimumJavaVersion>
              <systemProperties>
                <hudson.Main.development>true</hudson.Main.development>
              </systemProperties>
            </configuration>
          </execution>
        </executions>
        <configuration>
          <showDeprecation>true</showDeprecation>
          <webApp>
            <contextPath>/jenkins</contextPath>
          </webApp>
          <minimumJavaVersion>1.8</minimumJavaVersion>
          <systemProperties>
            <hudson.Main.development>true</hudson.Main.development>
          </systemProperties>
        </configuration>
      </plugin>
      <plugin>
        <groupId>org.kohsuke.stapler</groupId>
        <artifactId>maven-stapler-plugin</artifactId>
        <version>1.17</version>
        <extensions>true</extensions>
      </plugin>
      <plugin>
        <groupId>au.com.acegi</groupId>
        <artifactId>xml-format-maven-plugin</artifactId>
        <version>3.0.7</version>
        <executions>
          <execution>
            <id>validate</id>
            <phase>validate</phase>
            <goals>
              <goal>xml-format</goal>
            </goals>
            <configuration>
              <includes>pom.xml</includes>
            </configuration>
          </execution>
        </executions>
        <configuration>
          <includes>pom.xml</includes>
        </configuration>
      </plugin>
      <plugin>
        <groupId>org.codehaus.mojo</groupId>
        <artifactId>tidy-maven-plugin</artifactId>
        <version>1.1.0</version>
        <executions>
          <execution>
            <id>validate</id>
            <phase>validate</phase>
            <goals>
              <goal>pom</goal>
            </goals>
          </execution>
        </executions>
      </plugin>
      <plugin>
        <artifactId>maven-release-plugin</artifactId>
        <version>2.5.3</version>
        <configuration>
          <completionGoals>xml-format:xml-format tidy:pom</completionGoals>
          <mavenExecutorId>forked-path</mavenExecutorId>
          <useReleaseProfile>false</useReleaseProfile>
          <preparationGoals>clean install</preparationGoals>
          <goals>deploy</goals>
          <arguments />
          <releaseProfiles>jenkins-release,</releaseProfiles>
        </configuration>
      </plugin>
      <plugin>
        <groupId>org.jvnet.localizer</groupId>
        <artifactId>maven-localizer-plugin</artifactId>
        <version>1.26</version>
        <executions>
          <execution>
            <goals>
              <goal>generate</goal>
            </goals>
            <configuration>
              <fileMask>Messages.properties</fileMask>
              <outputDirectory>target/generated-sources/localizer</outputDirectory>
              <accessModifierAnnotations>true</accessModifierAnnotations>
            </configuration>
          </execution>
        </executions>
      </plugin>
      <plugin>
        <groupId>org.kohsuke</groupId>
        <artifactId>access-modifier-checker</artifactId>
        <version>1.16</version>
        <executions>
          <execution>
            <id>default-enforce</id>
            <phase>process-classes</phase>
            <goals>
              <goal>enforce</goal>
            </goals>
            <configuration>
              <properties>
                <property>
                  <name>useBeta</name>
                  <value>false</value>
                </property>
              </properties>
            </configuration>
          </execution>
        </executions>
        <configuration>
          <properties>
            <property>
              <name>useBeta</name>
              <value>false</value>
            </property>
          </properties>
        </configuration>
      </plugin>
      <plugin>
        <groupId>org.codehaus.gmaven</groupId>
        <artifactId>gmaven-plugin</artifactId>
        <version>1.5-jenkins-3</version>
        <executions>
          <execution>
            <id>test-in-groovy</id>
            <goals>
              <goal>generateTestStubs</goal>
              <goal>testCompile</goal>
            </goals>
          </execution>
        </executions>
        <dependencies>
          <dependency>
            <groupId>ant</groupId>
            <artifactId>ant</artifactId>
            <version>1.6.5</version>
            <scope>compile</scope>
          </dependency>
        </dependencies>
      </plugin>
      <plugin>
        <artifactId>maven-antrun-plugin</artifactId>
        <version>1.8</version>
        <executions>
          <execution>
            <id>createTempDir</id>
            <phase>generate-test-resources</phase>
            <goals>
              <goal>run</goal>
            </goals>
            <configuration>
              <target>
                <mkdir dir="/home/baloo/github/google-compute-engine-plugin/target/tmp" />
              </target>
            </configuration>
          </execution>
        </executions>
      </plugin>
      <plugin>
        <artifactId>maven-failsafe-plugin</artifactId>
        <version>3.0.0-M4</version>
        <executions>
          <execution>
            <goals>
              <goal>integration-test</goal>
              <goal>verify</goal>
            </goals>
            <configuration>
              <skipITs>true</skipITs>
              <disableXmlReport>true</disableXmlReport>
              <useFile>false</useFile>
              <systemPropertyVariables>
                <hudson.model.LoadStatistics.clock>500</hudson.model.LoadStatistics.clock>
                <hudson.model.LoadStatistics.decay>0.5</hudson.model.LoadStatistics.decay>
                <hudson.agents.NodeProvisioner.MARGIN>100</hudson.agents.NodeProvisioner.MARGIN>
                <hudson.agents.NodeProvisioner.MARGIN0>1.0</hudson.agents.NodeProvisioner.MARGIN0>
                <hudson.remoting.Launcher.pingIntervalSec>-1</hudson.remoting.Launcher.pingIntervalSec>
                <com.google.jenkins.plugins.computeengine.integration.ITUtil.windows>false</com.google.jenkins.plugins.computeengine.integration.ITUtil.windows>
              </systemPropertyVariables>
              <excludes>
                <exclude>**/ITUtil.java</exclude>
              </excludes>
              <argLine>-Djenkins.test.timeout=0</argLine>
              <runOrder>balanced</runOrder>
              <reuseForks>false</reuseForks>
            </configuration>
          </execution>
        </executions>
        <configuration>
          <skipITs>true</skipITs>
          <disableXmlReport>true</disableXmlReport>
          <useFile>false</useFile>
          <systemPropertyVariables>
            <hudson.model.LoadStatistics.clock>500</hudson.model.LoadStatistics.clock>
            <hudson.model.LoadStatistics.decay>0.5</hudson.model.LoadStatistics.decay>
            <hudson.agents.NodeProvisioner.MARGIN>100</hudson.agents.NodeProvisioner.MARGIN>
            <hudson.agents.NodeProvisioner.MARGIN0>1.0</hudson.agents.NodeProvisioner.MARGIN0>
            <hudson.remoting.Launcher.pingIntervalSec>-1</hudson.remoting.Launcher.pingIntervalSec>
            <com.google.jenkins.plugins.computeengine.integration.ITUtil.windows>false</com.google.jenkins.plugins.computeengine.integration.ITUtil.windows>
          </systemPropertyVariables>
          <excludes>
            <exclude>**/ITUtil.java</exclude>
          </excludes>
          <argLine>-Djenkins.test.timeout=0</argLine>
          <runOrder>balanced</runOrder>
          <reuseForks>false</reuseForks>
        </configuration>
      </plugin>
      <plugin>
        <artifactId>maven-surefire-plugin</artifactId>
        <version>3.0.0-M4</version>
        <executions>
          <execution>
            <id>default-test</id>
            <phase>test</phase>
            <goals>
              <goal>test</goal>
            </goals>
            <configuration>
              <skipTests>${skipTests}</skipTests>
              <runOrder>balanced</runOrder>
              <reuseForks>false</reuseForks>
              <systemProperties>
                <property>
                  <name>hudson.udp</name>
                  <value>-1</value>
                </property>
                <property>
                  <name>java.io.tmpdir</name>
                  <value>/home/baloo/github/google-compute-engine-plugin/target/tmp</value>
                </property>
              </systemProperties>
            </configuration>
          </execution>
        </executions>
        <configuration>
          <skipTests>${skipTests}</skipTests>
          <runOrder>balanced</runOrder>
          <reuseForks>false</reuseForks>
          <systemProperties>
            <property>
              <name>hudson.udp</name>
              <value>-1</value>
            </property>
            <property>
              <name>java.io.tmpdir</name>
              <value>/home/baloo/github/google-compute-engine-plugin/target/tmp</value>
            </property>
          </systemProperties>
        </configuration>
      </plugin>
      <plugin>
        <groupId>com.cloudbees</groupId>
        <artifactId>maven-license-plugin</artifactId>
        <version>1.8</version>
        <executions>
          <execution>
            <phase>prepare-package</phase>
            <goals>
              <goal>process</goal>
            </goals>
            <configuration>
              <generateLicenseXml>target/google-compute-engine/WEB-INF/licenses.xml</generateLicenseXml>
              <inlineScript>filter {
                    def plugins = [] as Set
                    
                    // collect all Jenkins plugins
                    models.entrySet().each { e -&gt;
                        if (e.value.packaging=="hpi")
                            plugins.add(e.key.id)
                    }
                    
                    // filter out dependencies that don't belong to this plugin
                    models.entrySet().removeAll(models.entrySet().findAll { e -&gt;
                        def a = e.key;
                        
                        if (a.dependencyTrail.size()&gt;0 &amp;&amp; plugins.contains(a.dependencyTrail[1]))
                            return true; // ignore transitive dependencies through other plugins

                        // if the dependency goes through jenkins core, we don't need to bundle it in the war
                        // because jenkins-core comes in the &lt;provided&gt; scope, I think this is a bug in Maven that it puts such
                        // dependencies into the artifact list.
                        if (a.dependencyTrail.find { trail -&gt; trail.contains(":hudson-core:") || trail.contains(":jenkins-core:") })
                            return true;
                            
                        return false;
                    })
                }</inlineScript>
            </configuration>
          </execution>
        </executions>
      </plugin>
      <plugin>
        <groupId>org.codehaus.mojo</groupId>
        <artifactId>cobertura-maven-plugin</artifactId>
        <version>2.7</version>
        <configuration>
          <instrumentation>
            <excludes>
              <exclude>com/google/jenkins/plugins/**/Messages.class</exclude>
            </excludes>
          </instrumentation>
          <formats>
            <format>html</format>
            <format>xml</format>
          </formats>
        </configuration>
      </plugin>
      <plugin>
        <groupId>com.coveo</groupId>
        <artifactId>fmt-maven-plugin</artifactId>
        <version>2.8</version>
        <executions>
          <execution>
            <goals>
              <goal>format</goal>
            </goals>
            <configuration>
              <sourceDirectory>src/main/java</sourceDirectory>
              <testSourceDirectory>src/test/java</testSourceDirectory>
              <verbose>true</verbose>
              <filesNamePattern>.*\.java</filesNamePattern>
              <skip>false</skip>
              <skipSortingImports>false</skipSortingImports>
              <style>google</style>
            </configuration>
          </execution>
        </executions>
        <configuration>
          <sourceDirectory>src/main/java</sourceDirectory>
          <testSourceDirectory>src/test/java</testSourceDirectory>
          <verbose>true</verbose>
          <filesNamePattern>.*\.java</filesNamePattern>
          <skip>false</skip>
          <skipSortingImports>false</skipSortingImports>
          <style>google</style>
        </configuration>
      </plugin>
      <plugin>
        <artifactId>maven-shade-plugin</artifactId>
        <version>3.2.1</version>
        <executions>
          <execution>
            <phase>package</phase>
            <goals>
              <goal>shade</goal>
            </goals>
            <configuration>
              <shadedGroupFilter>com.google.cloud.graphite</shadedGroupFilter>
              <promoteTransitiveDependencies>true</promoteTransitiveDependencies>
              <createDependencyReducedPom>false</createDependencyReducedPom>
              <transformers>
                <transformer implementation="org.apache.maven.plugins.shade.resource.ApacheLicenseResourceTransformer" />
              </transformers>
            </configuration>
          </execution>
        </executions>
      </plugin>
      <plugin>
        <artifactId>maven-clean-plugin</artifactId>
        <version>3.1.0</version>
        <executions>
          <execution>
            <id>default-clean</id>
            <phase>clean</phase>
            <goals>
              <goal>clean</goal>
            </goals>
          </execution>
        </executions>
      </plugin>
      <plugin>
        <artifactId>maven-resources-plugin</artifactId>
        <version>3.1.0</version>
        <executions>
          <execution>
            <id>default-testResources</id>
            <phase>process-test-resources</phase>
            <goals>
              <goal>testResources</goal>
            </goals>
          </execution>
          <execution>
            <id>default-resources</id>
            <phase>process-resources</phase>
            <goals>
              <goal>resources</goal>
            </goals>
          </execution>
        </executions>
      </plugin>
      <plugin>
        <artifactId>maven-install-plugin</artifactId>
        <version>3.0.0-M1</version>
        <executions>
          <execution>
            <id>default-install</id>
            <phase>install</phase>
            <goals>
              <goal>install</goal>
            </goals>
          </execution>
        </executions>
      </plugin>
      <plugin>
        <artifactId>maven-deploy-plugin</artifactId>
        <version>2.8.2</version>
        <executions>
          <execution>
            <id>default-deploy</id>
            <phase>deploy</phase>
            <goals>
              <goal>deploy</goal>
            </goals>
          </execution>
        </executions>
      </plugin>
      <plugin>
        <artifactId>maven-site-plugin</artifactId>
        <version>3.8.2</version>
        <executions>
          <execution>
            <id>default-site</id>
            <phase>site</phase>
            <goals>
              <goal>site</goal>
            </goals>
            <configuration>
              <outputDirectory>/home/baloo/github/google-compute-engine-plugin/target/site</outputDirectory>
              <reportPlugins>
                <reportPlugin>
                  <groupId>org.apache.maven.plugins</groupId>
                  <artifactId>maven-project-info-reports-plugin</artifactId>
                </reportPlugin>
              </reportPlugins>
            </configuration>
          </execution>
          <execution>
            <id>default-deploy</id>
            <phase>site-deploy</phase>
            <goals>
              <goal>deploy</goal>
            </goals>
            <configuration>
              <outputDirectory>/home/baloo/github/google-compute-engine-plugin/target/site</outputDirectory>
              <reportPlugins>
                <reportPlugin>
                  <groupId>org.apache.maven.plugins</groupId>
                  <artifactId>maven-project-info-reports-plugin</artifactId>
                </reportPlugin>
              </reportPlugins>
            </configuration>
          </execution>
        </executions>
        <configuration>
          <outputDirectory>/home/baloo/github/google-compute-engine-plugin/target/site</outputDirectory>
          <reportPlugins>
            <reportPlugin>
              <groupId>org.apache.maven.plugins</groupId>
              <artifactId>maven-project-info-reports-plugin</artifactId>
            </reportPlugin>
          </reportPlugins>
        </configuration>
      </plugin>
    </plugins>
  </build>
  <reporting>
    <outputDirectory>/home/baloo/github/google-compute-engine-plugin/target/site</outputDirectory>
  </reporting>
  <profiles>
    <profile>
      <id>windows</id>
      <activation>
        <os>
          <family>Windows</family>
        </os>
      </activation>
      <properties>
        <concurrency>4</concurrency>
      </properties>
    </profile>
    <profile>
      <id>windows-agents</id>
      <activation>
        <property>
          <name>it.windows</name>
          <value>true</value>
        </property>
      </activation>
      <properties>
        <concurrency>4</concurrency>
        <it.runOrder>alphabetical</it.runOrder>
      </properties>
    </profile>
    <profile>
      <id>ci-cd</id>
      <activation>
        <property>
          <name>it.cicd</name>
          <value>true</value>
        </property>
      </activation>
      <properties>
        <concurrency>6</concurrency>
      </properties>
    </profile>
  </profiles>
</project>


[[1;34mINFO[m] [1m------------------------------------------------------------------------[m
[[1;34mINFO[m] [1;32mBUILD SUCCESS[m
[[1;34mINFO[m] [1m------------------------------------------------------------------------[m
[[1;34mINFO[m] Total time:  2.169 s
[[1;34mINFO[m] Finished at: 2020-08-16T09:47:05-07:00
[[1;34mINFO[m] [1m------------------------------------------------------------------------[m
